Removed Pin From Net: NetName=NetC6_1 Pin=VCC_IN-1
Removed Pin From Net: NetName=NetC6_1 Pin=VCC_OUT-1
Change Component Comment : Designator=Designator1 Old Comment=Comment New Comment=I6A4W020A033V-001-R
Change Component Designator: OldDesignator=Designator1 NewDesignator=PS5V
Change component parameters: Designator = "Designator1" ("PS5V"); Footprint = "TDK-LAMBDA_I6A4W020A033V-001-R"; UniqueID = "\PJIMXHTV" ("\PJIMXHTV")
Change component parameters (AddParameter): Name = "Digi-Key_Part_Number"; Value = "285-2503-ND"; VariantName = "[No Variations]"
Change component parameters (AddParameter): Name = "Digi-Key_Purchase_URL"; Value = "https://www.digikey.com/product-detail/en/tdk-lambda-americas-inc/I6A4W020A033V-001-R/285-2503-ND/5878834?utm_source=snapeda&utm_medium=aggregator&utm_campaign=symbol"; VariantName = "[No Variations]"
Change component parameters (AddParameter): Name = "MF"; Value = "TDK-Lambda Americas"; VariantName = "[No Variations]"
Change component parameters (AddParameter): Name = "MP"; Value = "I6A4W020A033V-001-R"; VariantName = "[No Variations]"
Change component parameters (AddParameter): Name = "Package"; Value = "DIP-7 TDK-Lambda"; VariantName = "[No Variations]"
Change component parameters (AddParameter): Name = "SnapEDA_Link"; Value = "https://www.snapeda.com/parts/I6A4W020A033V-001-R/TDK-Lambda%20Americas%20Inc./view-part/1737324/?ref=snap"; VariantName = "[No Variations]"
Change component parameters (AddParameter): Name = "Value"; Value = ""; VariantName = "[No Variations]"
Added Pin To Net: NetName=VCC Pin=PS5V-1
Added Pin To Net: NetName=GND Pin=PS5V-3
Added Pin To Net: NetName=GND Pin=PS5V-4
Added Pin To Net: NetName=NetPS5V_6 Pin=PS5V-6
Added Pin To Net: NetName=VCC_5V Pin=PS5V-7
Added Pin To Net: NetName=VCC_5V Pin=PS5V-8
Added Pin To Net: NetName=NetC6_1 Pin=VCC_IN-1
Added Pin To Net: NetName=VCC Pin=VCC_IN-1
Added Pin To Net: NetName=GND Pin=VCC_IN-2
Added Pin To Net: NetName=NetC6_1 Pin=VCC_OUT-1
Added Pin To Net: NetName=VCC Pin=VCC_OUT-1
Added Pin To Net: NetName=GND Pin=VCC_OUT-2
Added Member To Class: ClassName=Regulators Member=Component PS5V I6A4W020A033V-001-R
