Added Component: Designator=IC1(TB00150002BE)
Add component (AddParameter): Name = "Datasheet Link"; Value = "https://componentsearchengine.com//TB001-500-02BE.pdf"; VariantName = "[No Variations]"
Add component (AddParameter): Name = "Height"; Value = "12.9mm"; VariantName = "[No Variations]"
Add component (AddParameter): Name = "Manufacturer_Name"; Value = "CUI Inc."; VariantName = "[No Variations]"
Add component (AddParameter): Name = "Manufacturer_Part_Number"; Value = "TB001-500-02BE"; VariantName = "[No Variations]"
Add component (AddParameter): Name = "Mouser2 Part Number"; Value = "490-TB001-500-02BE"; VariantName = "[No Variations]"
Add component (AddParameter): Name = "Mouser2 Price/Stock"; Value = "https://www.mouser.com/Search/Refine.aspx?Keyword=490-TB001-500-02BE"; VariantName = "[No Variations]"
Added Component: Designator=IC2(TB00150002BE)
Add component (AddParameter): Name = "Datasheet Link"; Value = "https://componentsearchengine.com//TB001-500-02BE.pdf"; VariantName = "[No Variations]"
Add component (AddParameter): Name = "Height"; Value = "12.9mm"; VariantName = "[No Variations]"
Add component (AddParameter): Name = "Manufacturer_Name"; Value = "CUI Inc."; VariantName = "[No Variations]"
Add component (AddParameter): Name = "Manufacturer_Part_Number"; Value = "TB001-500-02BE"; VariantName = "[No Variations]"
Add component (AddParameter): Name = "Mouser2 Part Number"; Value = "490-TB001-500-02BE"; VariantName = "[No Variations]"
Add component (AddParameter): Name = "Mouser2 Price/Stock"; Value = "https://www.mouser.com/Search/Refine.aspx?Keyword=490-TB001-500-02BE"; VariantName = "[No Variations]"
Added Component: Designator=IC3(TB00150002BE)
Add component (AddParameter): Name = "Datasheet Link"; Value = "https://componentsearchengine.com//TB001-500-02BE.pdf"; VariantName = "[No Variations]"
Add component (AddParameter): Name = "Height"; Value = "12.9mm"; VariantName = "[No Variations]"
Add component (AddParameter): Name = "Manufacturer_Name"; Value = "CUI Inc."; VariantName = "[No Variations]"
Add component (AddParameter): Name = "Manufacturer_Part_Number"; Value = "TB001-500-02BE"; VariantName = "[No Variations]"
Add component (AddParameter): Name = "Mouser2 Part Number"; Value = "490-TB001-500-02BE"; VariantName = "[No Variations]"
Add component (AddParameter): Name = "Mouser2 Price/Stock"; Value = "https://www.mouser.com/Search/Refine.aspx?Keyword=490-TB001-500-02BE"; VariantName = "[No Variations]"
Added Component: Designator=IC4(TB00150002BE)
Add component (AddParameter): Name = "Datasheet Link"; Value = "https://componentsearchengine.com//TB001-500-02BE.pdf"; VariantName = "[No Variations]"
Add component (AddParameter): Name = "Height"; Value = "12.9mm"; VariantName = "[No Variations]"
Add component (AddParameter): Name = "Manufacturer_Name"; Value = "CUI Inc."; VariantName = "[No Variations]"
Add component (AddParameter): Name = "Manufacturer_Part_Number"; Value = "TB001-500-02BE"; VariantName = "[No Variations]"
Add component (AddParameter): Name = "Mouser2 Part Number"; Value = "490-TB001-500-02BE"; VariantName = "[No Variations]"
Add component (AddParameter): Name = "Mouser2 Price/Stock"; Value = "https://www.mouser.com/Search/Refine.aspx?Keyword=490-TB001-500-02BE"; VariantName = "[No Variations]"
Added Component: Designator=IC5(TB00150002BE)
Add component (AddParameter): Name = "Datasheet Link"; Value = "https://componentsearchengine.com//TB001-500-02BE.pdf"; VariantName = "[No Variations]"
Add component (AddParameter): Name = "Height"; Value = "12.9mm"; VariantName = "[No Variations]"
Add component (AddParameter): Name = "Manufacturer_Name"; Value = "CUI Inc."; VariantName = "[No Variations]"
Add component (AddParameter): Name = "Manufacturer_Part_Number"; Value = "TB001-500-02BE"; VariantName = "[No Variations]"
Add component (AddParameter): Name = "Mouser2 Part Number"; Value = "490-TB001-500-02BE"; VariantName = "[No Variations]"
Add component (AddParameter): Name = "Mouser2 Price/Stock"; Value = "https://www.mouser.com/Search/Refine.aspx?Keyword=490-TB001-500-02BE"; VariantName = "[No Variations]"
Added Pin To Net: NetName=VCC Pin=IC1-1
Added Pin To Net: NetName=GND Pin=IC1-2
Added Pin To Net: NetName=VCC_5V Pin=IC2-1
Added Pin To Net: NetName=GND Pin=IC2-2
Added Pin To Net: NetName=VCC_7V Pin=IC3-1
Added Pin To Net: NetName=GND Pin=IC3-2
Added Pin To Net: NetName=VCC_12V Pin=IC4-1
Added Pin To Net: NetName=GND Pin=IC4-2
Added Pin To Net: NetName=VCC_24V Pin=IC5-1
Added Pin To Net: NetName=GND Pin=IC5-2
