Removed Pin From Net: NetName=VCC_5V Pin=5V-1
Removed Pin From Net: NetName=GND Pin=5V-2
Removed Pin From Net: NetName=VCC_7V Pin=7V-1
Removed Pin From Net: NetName=GND Pin=7V-2
Removed Pin From Net: NetName=VCC_12V Pin=12V-1
Removed Pin From Net: NetName=GND Pin=12V-2
Removed Pin From Net: NetName=VCC Pin=PS1-2
Removed Pin From Net: NetName=GND Pin=PS1-5
Removed Pin From Net: NetName=GND Pin=PS1-6
Removed Pin From Net: NetName=GND Pin=PS1-7
Removed Pin From Net: NetName=GND Pin=PS1-8
Removed Pin From Net: NetName=VCC_12V Pin=PS1-9
Removed Pin From Net: NetName=VCC Pin=PS2-1
Removed Pin From Net: NetName=GND Pin=PS2-2
Removed Pin From Net: NetName=GND Pin=PS2-5
Removed Pin From Net: NetName=GND Pin=PS2-6
Removed Pin From Net: NetName=GND Pin=PS2-8
Removed Pin From Net: NetName=VCC_5V Pin=PS2-9
Removed Pin From Net: NetName=GND Pin=PS3-1
Removed Pin From Net: NetName=VCC Pin=PS3-2
Removed Pin From Net: NetName=VCC_7V Pin=PS3-5
Removed Pin From Net: NetName=VCC Pin=VCC-1
Removed Pin From Net: NetName=GND Pin=VCC-2
Added Component: Designator=R?(AXIAL-0.3)
Add component (AddParameter): Name = "LatestRevisionDate"; Value = "17-Jul-2002"; VariantName = "[No Variations]"
Add component (AddParameter): Name = "LatestRevisionNote"; Value = "Re-released for DXP Platform."; VariantName = "[No Variations]"
Add component (AddParameter): Name = "PackageDescription"; Value = "Axial Device, Thru-Hole; 2 Leads; 0.3 in Pin Spacing"; VariantName = "[No Variations]"
Add component (AddParameter): Name = "PackageReference"; Value = "AXIAL-0.3"; VariantName = "[No Variations]"
Add component (AddParameter): Name = "Published"; Value = "8-Jun-2000"; VariantName = "[No Variations]"
Add component (AddParameter): Name = "Publisher"; Value = "Altium Limited"; VariantName = "[No Variations]"
Add component (AddParameter): Name = "Value"; Value = "0.43K"; VariantName = "[No Variations]"
Added Component: Designator=R?(AXIAL-0.3)
Add component (AddParameter): Name = "LatestRevisionDate"; Value = "17-Jul-2002"; VariantName = "[No Variations]"
Add component (AddParameter): Name = "LatestRevisionNote"; Value = "Re-released for DXP Platform."; VariantName = "[No Variations]"
Add component (AddParameter): Name = "PackageDescription"; Value = "Axial Device, Thru-Hole; 2 Leads; 0.3 in Pin Spacing"; VariantName = "[No Variations]"
Add component (AddParameter): Name = "PackageReference"; Value = "AXIAL-0.3"; VariantName = "[No Variations]"
Add component (AddParameter): Name = "Published"; Value = "8-Jun-2000"; VariantName = "[No Variations]"
Add component (AddParameter): Name = "Publisher"; Value = "Altium Limited"; VariantName = "[No Variations]"
Add component (AddParameter): Name = "Value"; Value = "4.3K"; VariantName = "[No Variations]"
Added Pin To Net: NetName=VCC_24V Pin=R?-1
Added Pin To Net: NetName=NetPS?_3 Pin=R?-1
Added Net: Name=NetPS?_3
Added Pin To Net: NetName=NetPS?_4 Pin=R?-2
Added Net: Name=NetPS?_4
Added Pin To Net: NetName=NetPS?_7 Pin=R?-2
Added Net: Name=NetPS?_7
Added Class: Name=Regulators
Added Room: Name=Regulators
