Added Component: Designator=PS1(P783FQ24S12S)
Add component (AddParameter): Name = "Datasheet Link"; Value = "https://www.cui.com/product/resource/p783f-s.pdf"; VariantName = "[No Variations]"
Add component (AddParameter): Name = "Height"; Value = "13mm"; VariantName = "[No Variations]"
Add component (AddParameter): Name = "Manufacturer_Name"; Value = "CUI Inc."; VariantName = "[No Variations]"
Add component (AddParameter): Name = "Manufacturer_Part_Number"; Value = "P783F-Q24-S12-S"; VariantName = "[No Variations]"
Add component (AddParameter): Name = "Mouser2 Part Number"; Value = ""; VariantName = "[No Variations]"
Add component (AddParameter): Name = "Mouser2 Price/Stock"; Value = ""; VariantName = "[No Variations]"
Added Component: Designator=PS2(I6A24014A033V001R)
Add component (AddParameter): Name = "Datasheet Link"; Value = "https://componentsearchengine.com//I6A24014A033V-001-R.pdf"; VariantName = "[No Variations]"
Add component (AddParameter): Name = "Height"; Value = "12.1mm"; VariantName = "[No Variations]"
Add component (AddParameter): Name = "Manufacturer_Name"; Value = "TDK"; VariantName = "[No Variations]"
Add component (AddParameter): Name = "Manufacturer_Part_Number"; Value = "I6A24014A033V-001-R"; VariantName = "[No Variations]"
Add component (AddParameter): Name = "Mouser2 Part Number"; Value = "967-I6A24014A033V001"; VariantName = "[No Variations]"
Add component (AddParameter): Name = "Mouser2 Price/Stock"; Value = "https://www.mouser.com/Search/Refine.aspx?Keyword=967-I6A24014A033V001"; VariantName = "[No Variations]"
Added Component: Designator=PS3(OKIT36WW40NC)
Add component (AddParameter): Name = "Datasheet Link"; Value = "https://componentsearchengine.com//OKI-T_36W-W40N-C.pdf"; VariantName = "[No Variations]"
Add component (AddParameter): Name = "Height"; Value = "9mm"; VariantName = "[No Variations]"
Add component (AddParameter): Name = "Manufacturer_Name"; Value = "Murata Electronics"; VariantName = "[No Variations]"
Add component (AddParameter): Name = "Manufacturer_Part_Number"; Value = "OKI-T/36W-W40N-C"; VariantName = "[No Variations]"
Add component (AddParameter): Name = "Mouser2 Part Number"; Value = "580-OKI-T/36W-W40N-C"; VariantName = "[No Variations]"
Add component (AddParameter): Name = "Mouser2 Price/Stock"; Value = "https://www.mouser.com/Search/Refine.aspx?Keyword=580-OKI-T%2F36W-W40N-C"; VariantName = "[No Variations]"
Added Component: Designator=R1(AXIAL-0.3)
Add component (AddParameter): Name = "LatestRevisionDate"; Value = "17-Jul-2002"; VariantName = "[No Variations]"
Add component (AddParameter): Name = "LatestRevisionNote"; Value = "Re-released for DXP Platform."; VariantName = "[No Variations]"
Add component (AddParameter): Name = "PackageDescription"; Value = "Axial Device, Thru-Hole; 2 Leads; 0.3 in Pin Spacing"; VariantName = "[No Variations]"
Add component (AddParameter): Name = "PackageReference"; Value = "AXIAL-0.3"; VariantName = "[No Variations]"
Add component (AddParameter): Name = "Published"; Value = "8-Jun-2000"; VariantName = "[No Variations]"
Add component (AddParameter): Name = "Publisher"; Value = "Altium Limited"; VariantName = "[No Variations]"
Add component (AddParameter): Name = "Value"; Value = "4.3K"; VariantName = "[No Variations]"
Added Component: Designator=R2(AXIAL-0.3)
Add component (AddParameter): Name = "LatestRevisionDate"; Value = "17-Jul-2002"; VariantName = "[No Variations]"
Add component (AddParameter): Name = "LatestRevisionNote"; Value = "Re-released for DXP Platform."; VariantName = "[No Variations]"
Add component (AddParameter): Name = "PackageDescription"; Value = "Axial Device, Thru-Hole; 2 Leads; 0.3 in Pin Spacing"; VariantName = "[No Variations]"
Add component (AddParameter): Name = "PackageReference"; Value = "AXIAL-0.3"; VariantName = "[No Variations]"
Add component (AddParameter): Name = "Published"; Value = "8-Jun-2000"; VariantName = "[No Variations]"
Add component (AddParameter): Name = "Publisher"; Value = "Altium Limited"; VariantName = "[No Variations]"
Add component (AddParameter): Name = "Value"; Value = "0.43K"; VariantName = "[No Variations]"
Added Pin To Net: NetName=GND Pin=PS1-5
Added Pin To Net: NetName=GND Pin=PS1-6
Added Pin To Net: NetName=GND Pin=PS1-7
Added Pin To Net: NetName=GND Pin=PS1-8
Added Pin To Net: NetName=GND Pin=PS2-3
Added Net: Name=GND
Added Pin To Net: NetName=NetPS2_4 Pin=PS2-4
Added Pin To Net: NetName=NetPS2_4 Pin=R2-2
Added Net: Name=NetPS2_4
Added Pin To Net: NetName=NetPS2_6 Pin=PS2-6
Added Pin To Net: NetName=NetPS2_6 Pin=R2-1
Added Net: Name=NetPS2_6
Added Pin To Net: NetName=NetPS3_3 Pin=PS3-3
Added Pin To Net: NetName=NetPS3_3 Pin=R1-1
Added Net: Name=NetPS3_3
Added Pin To Net: NetName=NetPS3_4 Pin=PS3-4
Added Pin To Net: NetName=NetPS3_4 Pin=R1-2
Added Net: Name=NetPS3_4
Added Net: Name=VCC_5V
Added Pin To Net: NetName=VCC_7V Pin=PS3-5
Added Net: Name=VCC_7V
Added Pin To Net: NetName=VCC_12V Pin=PS1-9
Added Net: Name=VCC_12V
Added Pin To Net: NetName=VCC_24V Pin=PS2-8
Added Net: Name=VCC_24V
Added Pin To Net: NetName=VCC Pin=PS1-2
Added Pin To Net: NetName=VCC Pin=PS2-1
Added Pin To Net: NetName=VCC Pin=PS3-2
Added Net: Name=VCC
