Added Component: Designator=PS?(I6A24014A033V001R)
Add component (AddParameter): Name = "Datasheet Link"; Value = "https://componentsearchengine.com//I6A24014A033V-001-R.pdf"; VariantName = "[No Variations]"
Add component (AddParameter): Name = "Height"; Value = "12.1mm"; VariantName = "[No Variations]"
Add component (AddParameter): Name = "Manufacturer_Name"; Value = "TDK"; VariantName = "[No Variations]"
Add component (AddParameter): Name = "Manufacturer_Part_Number"; Value = "I6A24014A033V-001-R"; VariantName = "[No Variations]"
Add component (AddParameter): Name = "Mouser2 Part Number"; Value = "967-I6A24014A033V001"; VariantName = "[No Variations]"
Add component (AddParameter): Name = "Mouser2 Price/Stock"; Value = "https://www.mouser.com/Search/Refine.aspx?Keyword=967-I6A24014A033V001"; VariantName = "[No Variations]"
Added Component: Designator=R5(AXIAL-0.3)
Add component (AddParameter): Name = "LatestRevisionDate"; Value = "17-Jul-2002"; VariantName = "[No Variations]"
Add component (AddParameter): Name = "LatestRevisionNote"; Value = "Re-released for DXP Platform."; VariantName = "[No Variations]"
Add component (AddParameter): Name = "PackageDescription"; Value = "Axial Device, Thru-Hole; 2 Leads; 0.3 in Pin Spacing"; VariantName = "[No Variations]"
Add component (AddParameter): Name = "PackageReference"; Value = "AXIAL-0.3"; VariantName = "[No Variations]"
Add component (AddParameter): Name = "Published"; Value = "8-Jun-2000"; VariantName = "[No Variations]"
Add component (AddParameter): Name = "Publisher"; Value = "Altium Limited"; VariantName = "[No Variations]"
Add component (AddParameter): Name = "Value"; Value = "0.43K"; VariantName = "[No Variations]"
Added Component: Designator=R6(AXIAL-0.3)
Add component (AddParameter): Name = "LatestRevisionDate"; Value = "17-Jul-2002"; VariantName = "[No Variations]"
Add component (AddParameter): Name = "LatestRevisionNote"; Value = "Re-released for DXP Platform."; VariantName = "[No Variations]"
Add component (AddParameter): Name = "PackageDescription"; Value = "Axial Device, Thru-Hole; 2 Leads; 0.3 in Pin Spacing"; VariantName = "[No Variations]"
Add component (AddParameter): Name = "PackageReference"; Value = "AXIAL-0.3"; VariantName = "[No Variations]"
Add component (AddParameter): Name = "Published"; Value = "8-Jun-2000"; VariantName = "[No Variations]"
Add component (AddParameter): Name = "Publisher"; Value = "Altium Limited"; VariantName = "[No Variations]"
Add component (AddParameter): Name = "Value"; Value = "4.3K"; VariantName = "[No Variations]"
Added Pin To Net: NetName=Net*_3 Pin=R6-1
Added Net: Name=Net*_3
Added Pin To Net: NetName=Net*_4 Pin=R6-2
Added Net: Name=Net*_4
Added Pin To Net: NetName=NetPS?_4 Pin=PS?-4
Added Pin To Net: NetName=NetPS?_4 Pin=R5-2
Added Net: Name=NetPS?_4
Added Pin To Net: NetName=NetPS?_6 Pin=PS?-6
Added Pin To Net: NetName=NetPS?_6 Pin=R5-1
Added Net: Name=NetPS?_6
Added Net: Name=VCC_5V
Added Net: Name=VCC_7V
Added Net: Name=VCC_12V
Added Pin To Net: NetName=VCC_24V Pin=PS?-8
Added Net: Name=VCC_24V
Added Pin To Net: NetName=VCC Pin=PS?-1
Added Pin To Net: NetName=VCC Pin=PS?-3
Added Net: Name=VCC
